2025-12-09 21:57:50 || INFO: || || user login successfully: mf7059708@gmail.com
2025-12-09 22:13:40 || INFO: || || user login successfully: mf7059708@gmail.com
2025-12-09 22:13:42 || INFO: || || User retrieved successfully: undefined
2025-12-09 22:13:48 || INFO: || || User retrieved successfully: undefined
2025-12-09 22:13:59 || WARN: || || Failed to update user: Validation failed: phone: Path `phone` (`01156`, length 5) is shorter than the minimum allowed length (7).
2025-12-09 22:17:40 || INFO: || || User retrieved successfully: undefined
2025-12-09 22:17:50 || INFO: || || user login successfully: mf7059708@gmail.com
2025-12-09 22:19:41 || INFO: || || User retrieved successfully: undefined
2025-12-09 22:19:51 || INFO: || || user login successfully: mf7059708@gmail.com
2025-12-09 22:19:53 || INFO: || || User retrieved successfully: undefined
2025-12-09 22:19:57 || INFO: || || User retrieved successfully: undefined
2025-12-09 22:20:02 || WARN: || || Failed to update user: mf7059708@gmail.com error is : Validation failed: phone: Path `phone` (`0115`, length 4) is shorter than the minimum allowed length (7).
2025-12-09 22:44:52 || INFO: || || user login successfully: nijnjbhyubh@gmail.com
2025-12-09 22:48:30 || INFO: || || Scan completed successfully for ID: 69373fe87ffbd95414d4a985
2025-12-09 22:49:26 || INFO: || || Scan completed successfully for ID: 692c74187d5ffa7bf749fd3f
2025-12-09 22:49:28 || INFO: || || Scan completed successfully for ID: 692c3fdebbe97d7c531b8f81
2025-12-09 22:49:30 || INFO: || || Scan completed successfully for ID: 692c70b47d5ffa7bf749fcbc
2025-12-09 22:49:33 || INFO: || || Scan completed successfully for ID: 692c70ce7d5ffa7bf749fcc1
2025-12-09 22:49:35 || INFO: || || Scan completed successfully for ID: 692c3fd6bbe97d7c531b8f7d
2025-12-09 22:49:38 || INFO: || || Scan completed successfully for ID: 69304dd732a366a94ee31160
2025-12-09 22:49:40 || INFO: || || Scan completed successfully for ID: 69304cd132a366a94ee31138
2025-12-09 22:49:41 || INFO: || || Scan completed successfully for ID: 69304cb432a366a94ee3112d
2025-12-09 22:49:41 || INFO: || || Scan completed successfully for ID: 69304c2932a366a94ee31102
2025-12-09 22:53:40 || INFO: || || Post URL successfully: http://testphp.vulnweb.com/login.php
2025-12-09 22:56:49 || INFO: || || Scan completed successfully for ID: 69388c541df30b5ec29ea4cf
2025-12-09 23:39:33 || INFO: || || created user successfully: undefined
2025-12-09 23:40:07 || INFO: || || user login successfully: mohamed.fares202202@gmail.com
2025-12-09 23:41:06 || INFO: || || Post URL successfully: http://testphp.vulnweb.com/search.php
2025-12-09 23:43:54 || INFO: || || Scan completed successfully for ID: 6938977212dc03249da58f98
2025-12-09 23:43:55 || INFO: || || Scan completed successfully for ID: 6938977212dc03249da58f98
2025-12-09 23:47:29 || INFO: || || Post URL successfully: http://tesweb.com
2025-12-09 23:48:18 || INFO: || || Scan completed successfully for ID: 693898f112dc03249da58fe1
2025-12-09 23:48:18 || INFO: || || Scan completed successfully for ID: 693898f112dc03249da58fe1
2025-12-09 23:48:41 || INFO: || || Scan completed successfully for ID: 6938977212dc03249da58f98
2025-12-09 23:48:46 || INFO: || || Scan completed successfully for ID: 6938977212dc03249da58f98
2025-12-09 23:49:09 || INFO: || || Scan completed successfully for ID: 6938977212dc03249da58f98
2025-12-09 23:50:30 || INFO: || || Post URL successfully: www.testdasdsaf.com
2025-12-09 23:50:33 || INFO: || || Scan completed successfully for ID: 693899a612dc03249da59017
2025-12-09 23:50:34 || INFO: || || Scan completed successfully for ID: 693899a612dc03249da59017
2025-12-09 23:50:54 || INFO: || || Scan completed successfully for ID: 693899a612dc03249da59017
2025-12-09 23:51:00 || INFO: || || Post URL successfully: http://tesweb.com
2025-12-09 23:51:04 || INFO: || || Scan completed successfully for ID: 693898f112dc03249da58fe1
2025-12-09 23:51:39 || INFO: || || Post URL successfully: http://tesweb.com/
2025-12-09 23:51:44 || INFO: || || Scan completed successfully for ID: 693899c412dc03249da5904f
2025-12-09 23:51:45 || INFO: || || Scan completed successfully for ID: 693899c412dc03249da5904f
2025-12-09 23:52:20 || INFO: || || Scan completed successfully for ID: 693899c412dc03249da5904f
2025-12-09 23:52:25 || INFO: || || Scan completed successfully for ID: 693899eb12dc03249da59071
2025-12-09 23:52:26 || INFO: || || Scan completed successfully for ID: 693899eb12dc03249da59071
2025-12-09 23:57:56 || INFO: || || Post URL successfully: http://teswvkljhlkmfsideb.com
2025-12-09 23:58:21 || INFO: || || Scan completed successfully for ID: 69389b6412dc03249da590a3
2025-12-09 23:58:22 || INFO: || || Scan completed successfully for ID: 69389b6412dc03249da590a3
2025-12-09 23:58:57 || INFO: || || Post URL successfully: ww.tesweb.com
2025-12-09 23:59:01 || INFO: || || Scan completed successfully for ID: 69389ba112dc03249da590c4
2025-12-09 23:59:01 || INFO: || || Scan completed successfully for ID: 69389ba112dc03249da590c4
2025-12-09 23:59:09 || INFO: || || Scan completed successfully for ID: 69389ba112dc03249da590c4
2025-12-09 23:59:17 || INFO: || || Post URL successfully: http://tesweb.com/
2025-12-10 00:00:05 || INFO: || || Scan completed successfully for ID: 69389bb512dc03249da590fc
2025-12-10 00:00:05 || INFO: || || Scan completed successfully for ID: 69389bb512dc03249da590fc
2025-12-10 00:00:25 || INFO: || || user login successfully: mf7059708@gmail.com
2025-12-10 00:04:45 || INFO: || || user login successfully: mohammed3mto25mm@gmail.com
2025-12-10 00:04:51 || INFO: || || Post URL successfully: www.dasdasdda.com
2025-12-10 00:04:52 || INFO: || || Scan completed successfully for ID: 69389d036da58fb89e501f35
2025-12-10 00:04:53 || INFO: || || Scan completed successfully for ID: 69389d036da58fb89e501f35
2025-12-10 00:05:33 || INFO: || || Scan completed successfully for ID: 69389d036da58fb89e501f35
2025-12-10 00:05:39 || INFO: || || Post URL successfully: www.dsadasdasd.com
2025-12-10 00:05:41 || INFO: || || Scan completed successfully for ID: 69389d336da58fb89e501f64
2025-12-10 00:05:41 || INFO: || || Scan completed successfully for ID: 69389d336da58fb89e501f64
2025-12-10 00:06:17 || INFO: || || Scan completed successfully for ID: 69389d336da58fb89e501f64
2025-12-10 00:08:17 || INFO: || || Post URL successfully: www.sadasdasda.com
2025-12-10 00:08:19 || INFO: || || Scan completed successfully for ID: 69389dd145ad5f244f00bb41
2025-12-10 00:08:19 || INFO: || || Scan completed successfully for ID: 69389dd145ad5f244f00bb41
2025-12-10 00:12:39 || INFO: || || Post URL successfully: http://testphp.vulnweb.com/search.php
2025-12-10 00:14:51 || INFO: || || Scan completed successfully for ID: 69389ed799f8c0b59cae2dd8
2025-12-10 00:14:52 || INFO: || || Scan completed successfully for ID: 69389ed799f8c0b59cae2dd8
2025-12-10 00:20:10 || INFO: || || user login successfully: mohamed.fares202202@gmail.com
2025-12-10 00:29:38 || INFO: || || user login successfully: mohamed.fares202202@gmail.com
2025-12-10 00:29:55 || INFO: || || user login successfully: mohamed.fares202202@gmail.com
2025-12-10 00:42:09 || INFO: || || user login successfully: mohamed.fares202202@gmail.com
2025-12-10 00:43:18 || INFO: || || user login successfully: nijnjbhyubh@gmail.com
2025-12-10 00:55:04 || INFO: || || user login successfully: mohamed.fares202202@gmail.com
2025-12-10 00:55:53 || INFO: || || user login successfully: nijnjbhyubh@gmail.com
2025-12-10 00:56:18 || INFO: || || user login successfully: mohamed.fares202202@gmail.com
2025-12-10 00:57:06 || INFO: || || user login successfully: mf7059708@gmail.com
2025-12-10 00:57:33 || WARN: || || Failed to update user status: fristName is not defined
2025-12-10 00:58:40 || INFO: || || Vulnerability updated successfully: SQL
2025-12-10 00:58:43 || INFO: || || Vulnerability updated successfully: SQL
2025-12-10 20:08:39 || INFO: || || user login successfully: mohammed3mto25mm@gmail.com
2025-12-10 20:10:10 || INFO: || || Scan completed successfully for ID: 6936cc16923b204172cc368c
2025-12-10 20:13:44 || INFO: || || Post URL successfully: www.hvyvuy.com
2025-12-10 20:13:48 || INFO: || || Scan completed successfully for ID: 6939b8580d94f0380d9ff6ea
2025-12-10 20:13:48 || INFO: || || Scan completed successfully for ID: 6939b8580d94f0380d9ff6ea
2025-12-10 20:46:12 || INFO: || || Post URL successfully: www.sioasjoi.com
2025-12-10 20:46:13 || INFO: || || Scan completed successfully for ID: 6939bff40d94f0380d9ff775
2025-12-10 20:46:13 || INFO: || || Scan completed successfully for ID: 6939bff40d94f0380d9ff775
2025-12-10 20:57:24 || INFO: || || user login successfully: mf7059708@gmail.com
2025-12-10 21:08:30 || INFO: || || user login successfully: mf7059708@gmail.com
2025-12-10 21:13:29 || INFO: || || user login successfully: mf7059708@gmail.com
2025-12-10 21:16:10 || INFO: || || user login successfully: mf7059708@gmail.com
2025-12-10 21:24:01 || INFO: || || Vulnerability updated successfully: Reflected
2025-12-10 21:24:02 || INFO: || || Vulnerability updated successfully: Reflected
2025-12-10 21:24:03 || INFO: || || Vulnerability updated successfully: SQL
2025-12-10 21:24:05 || INFO: || || Vulnerability updated successfully: SQL
2025-12-10 21:34:35 || INFO: || || Vulnerability updated successfully: sss
2025-12-10 21:34:54 || INFO: || || Vulnerability updated successfully: SQL
2025-12-10 21:35:03 || INFO: || || Vulnerability updated successfully: SQL
2025-12-10 21:35:11 || INFO: || || Vulnerability updated successfully: SQL
2025-12-10 21:36:35 || WARN: || || Failed to update user status: fristName is not defined
2025-12-10 21:36:41 || WARN: || || Failed to update user status: fristName is not defined
2025-12-10 21:36:47 || WARN: || || Failed to update user status: fristName is not defined
2025-12-10 21:37:02 || WARN: || || Failed to update user status: fristName is not defined
2025-12-10 21:37:36 || WARN: || || Failed to update user status: fristName is not defined
2025-12-10 21:39:42 || WARN: || || Failed to update user status: fristName is not defined
2025-12-10 22:03:41 || INFO: || || User status updated successfully: undefined
2025-12-10 22:03:45 || INFO: || || User status updated successfully: undefined
2025-12-10 22:03:48 || INFO: || || User status updated successfully: res
2025-12-10 22:04:11 || ERROR: || || Error occured [GET ||/https://example.com/profile.jpg
      Can't find /https://example.com/profile.jpg on this server! ||stack :  Error: Can't find /https://example.com/profile.jpg on this server!
    at D:\Unverstiy\G_project\backend\backend-for-university-project-\app.js:49:8
    at Layer.handleRequest (D:\Unverstiy\G_project\backend\backend-for-university-project-\node_modules\router\lib\layer.js:152:17)
    at trimPrefix (D:\Unverstiy\G_project\backend\backend-for-university-project-\node_modules\router\index.js:342:13)
    at D:\Unverstiy\G_project\backend\backend-for-university-project-\node_modules\router\index.js:297:9
    at processParams (D:\Unverstiy\G_project\backend\backend-for-university-project-\node_modules\router\index.js:582:12)
    at next (D:\Unverstiy\G_project\backend\backend-for-university-project-\node_modules\router\index.js:291:5)
    at Layer.handleRequest (D:\Unverstiy\G_project\backend\backend-for-university-project-\node_modules\router\lib\layer.js:147:12)
    at trimPrefix (D:\Unverstiy\G_project\backend\backend-for-university-project-\node_modules\router\index.js:342:13)
    at D:\Unverstiy\G_project\backend\backend-for-university-project-\node_modules\router\index.js:297:9
    at processParams (D:\Unverstiy\G_project\backend\backend-for-university-project-\node_modules\router\index.js:582:12)] || undefined
    ]
2025-12-10 22:04:11 || ERROR: || || Error occured [GET ||/https://yourdomain.com/uploads/user1.jpg
      Can't find /https://yourdomain.com/uploads/user1.jpg on this server! ||stack :  Error: Can't find /https://yourdomain.com/uploads/user1.jpg on this server!
    at D:\Unverstiy\G_project\backend\backend-for-university-project-\app.js:49:8
    at Layer.handleRequest (D:\Unverstiy\G_project\backend\backend-for-university-project-\node_modules\router\lib\layer.js:152:17)
    at trimPrefix (D:\Unverstiy\G_project\backend\backend-for-university-project-\node_modules\router\index.js:342:13)
    at D:\Unverstiy\G_project\backend\backend-for-university-project-\node_modules\router\index.js:297:9
    at processParams (D:\Unverstiy\G_project\backend\backend-for-university-project-\node_modules\router\index.js:582:12)
    at next (D:\Unverstiy\G_project\backend\backend-for-university-project-\node_modules\router\index.js:291:5)
    at Layer.handleRequest (D:\Unverstiy\G_project\backend\backend-for-university-project-\node_modules\router\lib\layer.js:147:12)
    at trimPrefix (D:\Unverstiy\G_project\backend\backend-for-university-project-\node_modules\router\index.js:342:13)
    at D:\Unverstiy\G_project\backend\backend-for-university-project-\node_modules\router\index.js:297:9
    at processParams (D:\Unverstiy\G_project\backend\backend-for-university-project-\node_modules\router\index.js:582:12)] || undefined
    ]
2025-12-10 22:04:11 || ERROR: || || Error occured [GET ||/uploads/1764526956239_.jpg
      Can't find /uploads/1764526956239_.jpg on this server! ||stack :  Error: Can't find /uploads/1764526956239_.jpg on this server!
    at D:\Unverstiy\G_project\backend\backend-for-university-project-\app.js:49:8
    at Layer.handleRequest (D:\Unverstiy\G_project\backend\backend-for-university-project-\node_modules\router\lib\layer.js:152:17)
    at trimPrefix (D:\Unverstiy\G_project\backend\backend-for-university-project-\node_modules\router\index.js:342:13)
    at D:\Unverstiy\G_project\backend\backend-for-university-project-\node_modules\router\index.js:297:9
    at processParams (D:\Unverstiy\G_project\backend\backend-for-university-project-\node_modules\router\index.js:582:12)
    at next (D:\Unverstiy\G_project\backend\backend-for-university-project-\node_modules\router\index.js:291:5)
    at Layer.handleRequest (D:\Unverstiy\G_project\backend\backend-for-university-project-\node_modules\router\lib\layer.js:147:12)
    at trimPrefix (D:\Unverstiy\G_project\backend\backend-for-university-project-\node_modules\router\index.js:342:13)
    at D:\Unverstiy\G_project\backend\backend-for-university-project-\node_modules\router\index.js:297:9
    at processParams (D:\Unverstiy\G_project\backend\backend-for-university-project-\node_modules\router\index.js:582:12)] || undefined
    ]
2025-12-10 22:04:11 || ERROR: || || Error occured [GET ||/uploads/1764527181055_.jpg
      Can't find /uploads/1764527181055_.jpg on this server! ||stack :  Error: Can't find /uploads/1764527181055_.jpg on this server!
    at D:\Unverstiy\G_project\backend\backend-for-university-project-\app.js:49:8
    at Layer.handleRequest (D:\Unverstiy\G_project\backend\backend-for-university-project-\node_modules\router\lib\layer.js:152:17)
    at trimPrefix (D:\Unverstiy\G_project\backend\backend-for-university-project-\node_modules\router\index.js:342:13)
    at D:\Unverstiy\G_project\backend\backend-for-university-project-\node_modules\router\index.js:297:9
    at processParams (D:\Unverstiy\G_project\backend\backend-for-university-project-\node_modules\router\index.js:582:12)
    at next (D:\Unverstiy\G_project\backend\backend-for-university-project-\node_modules\router\index.js:291:5)
    at Layer.handleRequest (D:\Unverstiy\G_project\backend\backend-for-university-project-\node_modules\router\lib\layer.js:147:12)
    at trimPrefix (D:\Unverstiy\G_project\backend\backend-for-university-project-\node_modules\router\index.js:342:13)
    at D:\Unverstiy\G_project\backend\backend-for-university-project-\node_modules\router\index.js:297:9
    at processParams (D:\Unverstiy\G_project\backend\backend-for-university-project-\node_modules\router\index.js:582:12)] || undefined
    ]
2025-12-10 22:05:03 || ERROR: || || Error occured [GET ||/https://example.com/profile.jpg
      Can't find /https://example.com/profile.jpg on this server! ||stack :  Error: Can't find /https://example.com/profile.jpg on this server!
    at D:\Unverstiy\G_project\backend\backend-for-university-project-\app.js:49:8
    at Layer.handleRequest (D:\Unverstiy\G_project\backend\backend-for-university-project-\node_modules\router\lib\layer.js:152:17)
    at trimPrefix (D:\Unverstiy\G_project\backend\backend-for-university-project-\node_modules\router\index.js:342:13)
    at D:\Unverstiy\G_project\backend\backend-for-university-project-\node_modules\router\index.js:297:9
    at processParams (D:\Unverstiy\G_project\backend\backend-for-university-project-\node_modules\router\index.js:582:12)
    at next (D:\Unverstiy\G_project\backend\backend-for-university-project-\node_modules\router\index.js:291:5)
    at Layer.handleRequest (D:\Unverstiy\G_project\backend\backend-for-university-project-\node_modules\router\lib\layer.js:147:12)
    at trimPrefix (D:\Unverstiy\G_project\backend\backend-for-university-project-\node_modules\router\index.js:342:13)
    at D:\Unverstiy\G_project\backend\backend-for-university-project-\node_modules\router\index.js:297:9
    at processParams (D:\Unverstiy\G_project\backend\backend-for-university-project-\node_modules\router\index.js:582:12)] || undefined
    ]
2025-12-10 22:05:03 || ERROR: || || Error occured [GET ||/https://yourdomain.com/uploads/user1.jpg
      Can't find /https://yourdomain.com/uploads/user1.jpg on this server! ||stack :  Error: Can't find /https://yourdomain.com/uploads/user1.jpg on this server!
    at D:\Unverstiy\G_project\backend\backend-for-university-project-\app.js:49:8
    at Layer.handleRequest (D:\Unverstiy\G_project\backend\backend-for-university-project-\node_modules\router\lib\layer.js:152:17)
    at trimPrefix (D:\Unverstiy\G_project\backend\backend-for-university-project-\node_modules\router\index.js:342:13)
    at D:\Unverstiy\G_project\backend\backend-for-university-project-\node_modules\router\index.js:297:9
    at processParams (D:\Unverstiy\G_project\backend\backend-for-university-project-\node_modules\router\index.js:582:12)
    at next (D:\Unverstiy\G_project\backend\backend-for-university-project-\node_modules\router\index.js:291:5)
    at Layer.handleRequest (D:\Unverstiy\G_project\backend\backend-for-university-project-\node_modules\router\lib\layer.js:147:12)
    at trimPrefix (D:\Unverstiy\G_project\backend\backend-for-university-project-\node_modules\router\index.js:342:13)
    at D:\Unverstiy\G_project\backend\backend-for-university-project-\node_modules\router\index.js:297:9
    at processParams (D:\Unverstiy\G_project\backend\backend-for-university-project-\node_modules\router\index.js:582:12)] || undefined
    ]
2025-12-10 22:05:03 || ERROR: || || Error occured [GET ||/uploads/1764526956239_.jpg
      Can't find /uploads/1764526956239_.jpg on this server! ||stack :  Error: Can't find /uploads/1764526956239_.jpg on this server!
    at D:\Unverstiy\G_project\backend\backend-for-university-project-\app.js:49:8
    at Layer.handleRequest (D:\Unverstiy\G_project\backend\backend-for-university-project-\node_modules\router\lib\layer.js:152:17)
    at trimPrefix (D:\Unverstiy\G_project\backend\backend-for-university-project-\node_modules\router\index.js:342:13)
    at D:\Unverstiy\G_project\backend\backend-for-university-project-\node_modules\router\index.js:297:9
    at processParams (D:\Unverstiy\G_project\backend\backend-for-university-project-\node_modules\router\index.js:582:12)
    at next (D:\Unverstiy\G_project\backend\backend-for-university-project-\node_modules\router\index.js:291:5)
    at Layer.handleRequest (D:\Unverstiy\G_project\backend\backend-for-university-project-\node_modules\router\lib\layer.js:147:12)
    at trimPrefix (D:\Unverstiy\G_project\backend\backend-for-university-project-\node_modules\router\index.js:342:13)
    at D:\Unverstiy\G_project\backend\backend-for-university-project-\node_modules\router\index.js:297:9
    at processParams (D:\Unverstiy\G_project\backend\backend-for-university-project-\node_modules\router\index.js:582:12)] || undefined
    ]
2025-12-10 22:05:03 || ERROR: || || Error occured [GET ||/uploads/1764527181055_.jpg
      Can't find /uploads/1764527181055_.jpg on this server! ||stack :  Error: Can't find /uploads/1764527181055_.jpg on this server!
    at D:\Unverstiy\G_project\backend\backend-for-university-project-\app.js:49:8
    at Layer.handleRequest (D:\Unverstiy\G_project\backend\backend-for-university-project-\node_modules\router\lib\layer.js:152:17)
    at trimPrefix (D:\Unverstiy\G_project\backend\backend-for-university-project-\node_modules\router\index.js:342:13)
    at D:\Unverstiy\G_project\backend\backend-for-university-project-\node_modules\router\index.js:297:9
    at processParams (D:\Unverstiy\G_project\backend\backend-for-university-project-\node_modules\router\index.js:582:12)
    at next (D:\Unverstiy\G_project\backend\backend-for-university-project-\node_modules\router\index.js:291:5)
    at Layer.handleRequest (D:\Unverstiy\G_project\backend\backend-for-university-project-\node_modules\router\lib\layer.js:147:12)
    at trimPrefix (D:\Unverstiy\G_project\backend\backend-for-university-project-\node_modules\router\index.js:342:13)
    at D:\Unverstiy\G_project\backend\backend-for-university-project-\node_modules\router\index.js:297:9
    at processParams (D:\Unverstiy\G_project\backend\backend-for-university-project-\node_modules\router\index.js:582:12)] || undefined
    ]
2025-12-10 22:27:18 || INFO: || || Vulnerability updated successfully: run
2025-12-10 22:27:52 || INFO: || || Vulnerability updated successfully: SQL
2025-12-10 22:42:34 || INFO: || || Vulnerability updated successfully: SQL
2025-12-10 22:43:10 || INFO: || || Vulnerability updated successfully: run
2025-12-10 22:43:45 || INFO: || || Vulnerability updated successfully: SQL
2025-12-10 22:53:11 || INFO: || || Scan completed successfully for ID: 6924716b767dc751e1e09212
2025-12-10 22:55:25 || INFO: || || Vulnerability updated successfully: SQL
2025-12-10 22:55:37 || INFO: || || Vulnerability updated successfully: SQL
2025-12-10 22:58:35 || INFO: || || Vulnerability updated successfully: SQL
2025-12-10 22:58:46 || INFO: || || Vulnerability updated successfully: SQL
2025-12-10 23:00:24 || INFO: || || Vulnerability updated successfully: SQL
2025-12-10 23:00:34 || INFO: || || Vulnerability updated successfully: SQL
2025-12-10 23:02:04 || INFO: || || Vulnerability updated successfully: SQL
2025-12-10 23:02:16 || INFO: || || Vulnerability updated successfully: SQL
2025-12-10 23:04:07 || INFO: || || Vulnerability updated successfully: SQL
2025-12-10 23:05:04 || INFO: || || Vulnerability updated successfully: SQL
2025-12-10 23:09:29 || INFO: || || user login successfully: mf7059708@gmail.com
2025-12-10 23:13:02 || INFO: || || user login successfully: mohammed3mto25mm@gmail.com
2025-12-10 23:15:19 || INFO: || || user login successfully: mohammed3mto25mm@gmail.com
2025-12-10 23:22:14 || INFO: || || user login successfully: mf7059708@gmail.com
2025-12-10 23:22:45 || ERROR: || || Error occured [GET ||/https://example.com/profile.jpg
      Can't find /https://example.com/profile.jpg on this server! ||stack :  Error: Can't find /https://example.com/profile.jpg on this server!
    at D:\Unverstiy\G_project\backend\backend-for-university-project-\app.js:49:8
    at Layer.handleRequest (D:\Unverstiy\G_project\backend\backend-for-university-project-\node_modules\router\lib\layer.js:152:17)
    at trimPrefix (D:\Unverstiy\G_project\backend\backend-for-university-project-\node_modules\router\index.js:342:13)
    at D:\Unverstiy\G_project\backend\backend-for-university-project-\node_modules\router\index.js:297:9
    at processParams (D:\Unverstiy\G_project\backend\backend-for-university-project-\node_modules\router\index.js:582:12)
    at next (D:\Unverstiy\G_project\backend\backend-for-university-project-\node_modules\router\index.js:291:5)
    at Layer.handleRequest (D:\Unverstiy\G_project\backend\backend-for-university-project-\node_modules\router\lib\layer.js:147:12)
    at trimPrefix (D:\Unverstiy\G_project\backend\backend-for-university-project-\node_modules\router\index.js:342:13)
    at D:\Unverstiy\G_project\backend\backend-for-university-project-\node_modules\router\index.js:297:9
    at processParams (D:\Unverstiy\G_project\backend\backend-for-university-project-\node_modules\router\index.js:582:12)] || undefined
    ]
2025-12-10 23:22:45 || ERROR: || || Error occured [GET ||/https://yourdomain.com/uploads/user1.jpg
      Can't find /https://yourdomain.com/uploads/user1.jpg on this server! ||stack :  Error: Can't find /https://yourdomain.com/uploads/user1.jpg on this server!
    at D:\Unverstiy\G_project\backend\backend-for-university-project-\app.js:49:8
    at Layer.handleRequest (D:\Unverstiy\G_project\backend\backend-for-university-project-\node_modules\router\lib\layer.js:152:17)
    at trimPrefix (D:\Unverstiy\G_project\backend\backend-for-university-project-\node_modules\router\index.js:342:13)
    at D:\Unverstiy\G_project\backend\backend-for-university-project-\node_modules\router\index.js:297:9
    at processParams (D:\Unverstiy\G_project\backend\backend-for-university-project-\node_modules\router\index.js:582:12)
    at next (D:\Unverstiy\G_project\backend\backend-for-university-project-\node_modules\router\index.js:291:5)
    at Layer.handleRequest (D:\Unverstiy\G_project\backend\backend-for-university-project-\node_modules\router\lib\layer.js:147:12)
    at trimPrefix (D:\Unverstiy\G_project\backend\backend-for-university-project-\node_modules\router\index.js:342:13)
    at D:\Unverstiy\G_project\backend\backend-for-university-project-\node_modules\router\index.js:297:9
    at processParams (D:\Unverstiy\G_project\backend\backend-for-university-project-\node_modules\router\index.js:582:12)] || undefined
    ]
2025-12-10 23:22:45 || ERROR: || || Error occured [GET ||/uploads/1764526956239_.jpg
      Can't find /uploads/1764526956239_.jpg on this server! ||stack :  Error: Can't find /uploads/1764526956239_.jpg on this server!
    at D:\Unverstiy\G_project\backend\backend-for-university-project-\app.js:49:8
    at Layer.handleRequest (D:\Unverstiy\G_project\backend\backend-for-university-project-\node_modules\router\lib\layer.js:152:17)
    at trimPrefix (D:\Unverstiy\G_project\backend\backend-for-university-project-\node_modules\router\index.js:342:13)
    at D:\Unverstiy\G_project\backend\backend-for-university-project-\node_modules\router\index.js:297:9
    at processParams (D:\Unverstiy\G_project\backend\backend-for-university-project-\node_modules\router\index.js:582:12)
    at next (D:\Unverstiy\G_project\backend\backend-for-university-project-\node_modules\router\index.js:291:5)
    at Layer.handleRequest (D:\Unverstiy\G_project\backend\backend-for-university-project-\node_modules\router\lib\layer.js:147:12)
    at trimPrefix (D:\Unverstiy\G_project\backend\backend-for-university-project-\node_modules\router\index.js:342:13)
    at D:\Unverstiy\G_project\backend\backend-for-university-project-\node_modules\router\index.js:297:9
    at processParams (D:\Unverstiy\G_project\backend\backend-for-university-project-\node_modules\router\index.js:582:12)] || undefined
    ]
2025-12-10 23:22:45 || ERROR: || || Error occured [GET ||/uploads/1764527181055_.jpg
      Can't find /uploads/1764527181055_.jpg on this server! ||stack :  Error: Can't find /uploads/1764527181055_.jpg on this server!
    at D:\Unverstiy\G_project\backend\backend-for-university-project-\app.js:49:8
    at Layer.handleRequest (D:\Unverstiy\G_project\backend\backend-for-university-project-\node_modules\router\lib\layer.js:152:17)
    at trimPrefix (D:\Unverstiy\G_project\backend\backend-for-university-project-\node_modules\router\index.js:342:13)
    at D:\Unverstiy\G_project\backend\backend-for-university-project-\node_modules\router\index.js:297:9
    at processParams (D:\Unverstiy\G_project\backend\backend-for-university-project-\node_modules\router\index.js:582:12)
    at next (D:\Unverstiy\G_project\backend\backend-for-university-project-\node_modules\router\index.js:291:5)
    at Layer.handleRequest (D:\Unverstiy\G_project\backend\backend-for-university-project-\node_modules\router\lib\layer.js:147:12)
    at trimPrefix (D:\Unverstiy\G_project\backend\backend-for-university-project-\node_modules\router\index.js:342:13)
    at D:\Unverstiy\G_project\backend\backend-for-university-project-\node_modules\router\index.js:297:9
    at processParams (D:\Unverstiy\G_project\backend\backend-for-university-project-\node_modules\router\index.js:582:12)] || undefined
    ]
2025-12-10 23:22:55 || ERROR: || || Error occured [GET ||/https://example.com/profile.jpg
      Can't find /https://example.com/profile.jpg on this server! ||stack :  Error: Can't find /https://example.com/profile.jpg on this server!
    at D:\Unverstiy\G_project\backend\backend-for-university-project-\app.js:49:8
    at Layer.handleRequest (D:\Unverstiy\G_project\backend\backend-for-university-project-\node_modules\router\lib\layer.js:152:17)
    at trimPrefix (D:\Unverstiy\G_project\backend\backend-for-university-project-\node_modules\router\index.js:342:13)
    at D:\Unverstiy\G_project\backend\backend-for-university-project-\node_modules\router\index.js:297:9
    at processParams (D:\Unverstiy\G_project\backend\backend-for-university-project-\node_modules\router\index.js:582:12)
    at next (D:\Unverstiy\G_project\backend\backend-for-university-project-\node_modules\router\index.js:291:5)
    at Layer.handleRequest (D:\Unverstiy\G_project\backend\backend-for-university-project-\node_modules\router\lib\layer.js:147:12)
    at trimPrefix (D:\Unverstiy\G_project\backend\backend-for-university-project-\node_modules\router\index.js:342:13)
    at D:\Unverstiy\G_project\backend\backend-for-university-project-\node_modules\router\index.js:297:9
    at processParams (D:\Unverstiy\G_project\backend\backend-for-university-project-\node_modules\router\index.js:582:12)] || undefined
    ]
2025-12-10 23:22:55 || ERROR: || || Error occured [GET ||/https://yourdomain.com/uploads/user1.jpg
      Can't find /https://yourdomain.com/uploads/user1.jpg on this server! ||stack :  Error: Can't find /https://yourdomain.com/uploads/user1.jpg on this server!
    at D:\Unverstiy\G_project\backend\backend-for-university-project-\app.js:49:8
    at Layer.handleRequest (D:\Unverstiy\G_project\backend\backend-for-university-project-\node_modules\router\lib\layer.js:152:17)
    at trimPrefix (D:\Unverstiy\G_project\backend\backend-for-university-project-\node_modules\router\index.js:342:13)
    at D:\Unverstiy\G_project\backend\backend-for-university-project-\node_modules\router\index.js:297:9
    at processParams (D:\Unverstiy\G_project\backend\backend-for-university-project-\node_modules\router\index.js:582:12)
    at next (D:\Unverstiy\G_project\backend\backend-for-university-project-\node_modules\router\index.js:291:5)
    at Layer.handleRequest (D:\Unverstiy\G_project\backend\backend-for-university-project-\node_modules\router\lib\layer.js:147:12)
    at trimPrefix (D:\Unverstiy\G_project\backend\backend-for-university-project-\node_modules\router\index.js:342:13)
    at D:\Unverstiy\G_project\backend\backend-for-university-project-\node_modules\router\index.js:297:9
    at processParams (D:\Unverstiy\G_project\backend\backend-for-university-project-\node_modules\router\index.js:582:12)] || undefined
    ]
2025-12-10 23:22:55 || ERROR: || || Error occured [GET ||/uploads/1764526956239_.jpg
      Can't find /uploads/1764526956239_.jpg on this server! ||stack :  Error: Can't find /uploads/1764526956239_.jpg on this server!
    at D:\Unverstiy\G_project\backend\backend-for-university-project-\app.js:49:8
    at Layer.handleRequest (D:\Unverstiy\G_project\backend\backend-for-university-project-\node_modules\router\lib\layer.js:152:17)
    at trimPrefix (D:\Unverstiy\G_project\backend\backend-for-university-project-\node_modules\router\index.js:342:13)
    at D:\Unverstiy\G_project\backend\backend-for-university-project-\node_modules\router\index.js:297:9
    at processParams (D:\Unverstiy\G_project\backend\backend-for-university-project-\node_modules\router\index.js:582:12)
    at next (D:\Unverstiy\G_project\backend\backend-for-university-project-\node_modules\router\index.js:291:5)
    at Layer.handleRequest (D:\Unverstiy\G_project\backend\backend-for-university-project-\node_modules\router\lib\layer.js:147:12)
    at trimPrefix (D:\Unverstiy\G_project\backend\backend-for-university-project-\node_modules\router\index.js:342:13)
    at D:\Unverstiy\G_project\backend\backend-for-university-project-\node_modules\router\index.js:297:9
    at processParams (D:\Unverstiy\G_project\backend\backend-for-university-project-\node_modules\router\index.js:582:12)] || undefined
    ]
2025-12-10 23:22:55 || ERROR: || || Error occured [GET ||/uploads/1764527181055_.jpg
      Can't find /uploads/1764527181055_.jpg on this server! ||stack :  Error: Can't find /uploads/1764527181055_.jpg on this server!
    at D:\Unverstiy\G_project\backend\backend-for-university-project-\app.js:49:8
    at Layer.handleRequest (D:\Unverstiy\G_project\backend\backend-for-university-project-\node_modules\router\lib\layer.js:152:17)
    at trimPrefix (D:\Unverstiy\G_project\backend\backend-for-university-project-\node_modules\router\index.js:342:13)
    at D:\Unverstiy\G_project\backend\backend-for-university-project-\node_modules\router\index.js:297:9
    at processParams (D:\Unverstiy\G_project\backend\backend-for-university-project-\node_modules\router\index.js:582:12)
    at next (D:\Unverstiy\G_project\backend\backend-for-university-project-\node_modules\router\index.js:291:5)
    at Layer.handleRequest (D:\Unverstiy\G_project\backend\backend-for-university-project-\node_modules\router\lib\layer.js:147:12)
    at trimPrefix (D:\Unverstiy\G_project\backend\backend-for-university-project-\node_modules\router\index.js:342:13)
    at D:\Unverstiy\G_project\backend\backend-for-university-project-\node_modules\router\index.js:297:9
    at processParams (D:\Unverstiy\G_project\backend\backend-for-university-project-\node_modules\router\index.js:582:12)] || undefined
    ]
2025-12-10 23:34:11 || INFO: || || 
2025-12-10 23:34:19 || INFO: || || Server is running on port 3000
2025-12-10 23:36:21 || INFO: || || user login successfully: mf7059708@gmail.com
2025-12-10 23:36:45 || INFO: || || user login successfully: nijnjbhyubh@gmail.com
2025-12-11 00:49:00 || INFO: || || Server is running on port 3000
2025-12-11 00:49:18 || INFO: || || Server is running on port 3000
2025-12-11 00:50:34 || INFO: || || Server is running on port 3000
2025-12-11 00:51:24 || INFO: || || Server is running on port 3000
2025-12-11 00:52:03 || INFO: || || Server is running on port 3000
2025-12-11 00:52:06 || INFO: || || Server is running on port 3000
2025-12-11 00:52:11 || INFO: || || Server is running on port 3000
2025-12-11 00:52:15 || INFO: || || Server is running on port 3000
2025-12-11 00:52:16 || INFO: || || Server is running on port 3000
2025-12-11 00:55:20 || INFO: || || Server is running on port 3000
2025-12-11 00:55:25 || INFO: || || Server is running on port 3000
2025-12-11 00:58:21 || INFO: || || Server is running on port 3000
2025-12-11 01:19:55 || INFO: || || New user registered (pending verification): mf4227425@gmail.com
2025-12-11 01:34:29 || INFO: || || New user registered (pending verification): mf4227425@gmail.com
2025-12-11 01:35:20 || INFO: || || User verified successfully: mf4227425@gmail.com
2025-12-11 01:37:00 || INFO: || || User login successfully: mf4227425@gmail.com
2025-12-11 01:38:34 || INFO: || || User login successfully: mf4227425@gmail.com
2025-12-11 01:43:05 || INFO: || || User login successfully: mf4227425@gmail.com
2025-12-11 01:52:41 || INFO: || || Server is running on port 3000
2025-12-11 01:54:33 || INFO: || || Server is running on port 3000
2025-12-11 01:54:43 || INFO: || || Server is running on port 3000
2025-12-11 02:01:01 || INFO: || || Server is running on port 3000
2025-12-11 02:27:00 || INFO: || || Server is running on port 3000
2025-12-11 02:27:53 || INFO: || || Server is running on port 3000
2025-12-11 02:28:01 || INFO: || || Server is running on port 3000
2025-12-11 02:28:04 || INFO: || || Server is running on port 3000
2025-12-11 02:28:08 || INFO: || || Server is running on port 3000
2025-12-11 02:30:44 || INFO: || || Server is running on port 3000
2025-12-11 02:31:33 || INFO: || || Server is running on port 3000
2025-12-11 02:31:37 || INFO: || || Server is running on port 3000
2025-12-11 02:54:51 || INFO: || || Server is running on port 3000
